# JRE version: OpenJDK Runtime Environment Corretto-17.0.3.6.1 (17.0.3+6) (build 17.0.3+6-LTS)
# Java VM: OpenJDK 64-Bit Server VM Corretto-17.0.3.6.1 (17.0.3+6-LTS, mixed mode, sharing, tiered, compressed oops, compressed class ptrs, g1 gc, linux-amd64)
GC Precious Log:
 CPUs: 16 total, 16 available
 Memory: 15609M
 Large Page Support: Disabled
 NUMA Support: Disabled
 Compressed Oops: Enabled (Zero based)
 Heap Region Size: 2M
 Heap Min Capacity: 40M
 Heap Initial Capacity: 40M
 Heap Max Capacity: 3904M
 Pre-touch: Disabled
 Parallel Workers: 13
 Concurrent Workers: 3
 Concurrent Refinement Workers: 13
 Periodic GC: Disabled
Heap:
 garbage-first heap   total 204800K, used 122936K [0x000000070c000000, 0x0000000800000000)
  region size 2048K, 9 young (18432K), 1 survivors (2048K)
 Metaspace       used 61921K, committed 63616K, reserved 1105920K
  class space    used 7417K, committed 8064K, reserved 1048576K
GC Heap History (20 events):
Event: 54,884 GC heap before
{Heap before GC invocations=22 (full 0):
 garbage-first heap   total 188416K, used 140030K [0x000000070c000000, 0x0000000800000000)
  region size 2048K, 49 young (100352K), 3 survivors (6144K)
 Metaspace       used 52900K, committed 54528K, reserved 1097728K
  class space    used 6202K, committed 6848K, reserved 1048576K
}
Event: 54,888 GC heap after
{Heap after GC invocations=23 (full 0):
 garbage-first heap   total 188416K, used 46630K [0x000000070c000000, 0x0000000800000000)
  region size 2048K, 4 young (8192K), 4 survivors (8192K)
 Metaspace       used 52900K, committed 54528K, reserved 1097728K
  class space    used 6202K, committed 6848K, reserved 1048576K
}
Event: 62,025 GC heap before
{Heap before GC invocations=23 (full 0):
 garbage-first heap   total 188416K, used 140838K [0x000000070c000000, 0x0000000800000000)
  region size 2048K, 50 young (102400K), 4 survivors (8192K)
 Metaspace       used 53076K, committed 54656K, reserved 1097728K
  class space    used 6202K, committed 6848K, reserved 1048576K
}
Event: 62,038 GC heap after
{Heap after GC invocations=24 (full 0):
 garbage-first heap   total 188416K, used 73340K [0x000000070c000000, 0x0000000800000000)
  region size 2048K, 7 young (14336K), 7 survivors (14336K)
 Metaspace       used 53076K, committed 54656K, reserved 1097728K
  class space    used 6202K, committed 6848K, reserved 1048576K
}
Event: 62,110 GC heap before
{Heap before GC invocations=24 (full 0):
 garbage-first heap   total 188416K, used 126588K [0x000000070c000000, 0x0000000800000000)
  region size 2048K, 34 young (69632K), 7 survivors (14336K)
 Metaspace       used 53409K, committed 55040K, reserved 1097728K
  class space    used 6245K, committed 6912K, reserved 1048576K
}
Event: 62,117 GC heap after
{Heap after GC invocations=25 (full 0):
 garbage-first heap   total 188416K, used 84306K [0x000000070c000000, 0x0000000800000000)
  region size 2048K, 5 young (10240K), 5 survivors (10240K)
 Metaspace       used 53409K, committed 55040K, reserved 1097728K
  class space    used 6245K, committed 6912K, reserved 1048576K
}
Event: 63,522 GC heap before
{Heap before GC invocations=25 (full 0):
 garbage-first heap   total 188416K, used 131410K [0x000000070c000000, 0x0000000800000000)
  region size 2048K, 29 young (59392K), 5 survivors (10240K)
 Metaspace       used 59378K, committed 61120K, reserved 1105920K
  class space    used 7114K, committed 7808K, reserved 1048576K
}
Event: 63,529 GC heap after
{Heap after GC invocations=26 (full 0):
 garbage-first heap   total 188416K, used 92520K [0x000000070c000000, 0x0000000800000000)
  region size 2048K, 4 young (8192K), 4 survivors (8192K)
 Metaspace       used 59378K, committed 61120K, reserved 1105920K
  class space    used 7114K, committed 7808K, reserved 1048576K
}
Event: 63,755 GC heap before
{Heap before GC invocations=27 (full 0):
 garbage-first heap   total 188416K, used 137576K [0x000000070c000000, 0x0000000800000000)
  region size 2048K, 26 young (53248K), 4 survivors (8192K)
 Metaspace       used 60936K, committed 62656K, reserved 1105920K
  class space    used 7324K, committed 8000K, reserved 1048576K
}
Event: 63,762 GC heap after
{Heap after GC invocations=28 (full 0):
 garbage-first heap   total 188416K, used 107825K [0x000000070c000000, 0x0000000800000000)
  region size 2048K, 4 young (8192K), 4 survivors (8192K)
 Metaspace       used 60936K, committed 62656K, reserved 1105920K
  class space    used 7324K, committed 8000K, reserved 1048576K
}
Event: 63,767 GC heap before
{Heap before GC invocations=28 (full 0):
 garbage-first heap   total 188416K, used 109873K [0x000000070c000000, 0x0000000800000000)
  region size 2048K, 5 young (10240K), 4 survivors (8192K)
 Metaspace       used 60936K, committed 62656K, reserved 1105920K
  class space    used 7324K, committed 8000K, reserved 1048576K
}
Event: 63,774 GC heap after
{Heap after GC invocations=29 (full 0):
 garbage-first heap   total 188416K, used 105048K [0x000000070c000000, 0x0000000800000000)
  region size 2048K, 1 young (2048K), 1 survivors (2048K)
 Metaspace       used 60936K, committed 62656K, reserved 1105920K
  class space    used 7324K, committed 8000K, reserved 1048576K
}
Event: 63,911 GC heap before
{Heap before GC invocations=29 (full 0):
 garbage-first heap   total 188416K, used 139864K [0x000000070c000000, 0x0000000800000000)
  region size 2048K, 18 young (36864K), 1 survivors (2048K)
 Metaspace       used 61574K, committed 63296K, reserved 1105920K
  class space    used 7401K, committed 8064K, reserved 1048576K
}
Event: 63,914 GC heap after
{Heap after GC invocations=30 (full 0):
 garbage-first heap   total 188416K, used 111555K [0x000000070c000000, 0x0000000800000000)
  region size 2048K, 3 young (6144K), 3 survivors (6144K)
 Metaspace       used 61574K, committed 63296K, reserved 1105920K
  class space    used 7401K, committed 8064K, reserved 1048576K
}
Event: 74,138 GC heap before
{Heap before GC invocations=31 (full 0):
 garbage-first heap   total 204800K, used 140227K [0x000000070c000000, 0x0000000800000000)
  region size 2048K, 18 young (36864K), 3 survivors (6144K)
 Metaspace       used 61678K, committed 63488K, reserved 1105920K
  class space    used 7401K, committed 8064K, reserved 1048576K
}
Event: 74,140 GC heap after
{Heap after GC invocations=32 (full 0):
 garbage-first heap   total 204800K, used 113072K [0x000000070c000000, 0x0000000800000000)
  region size 2048K, 1 young (2048K), 1 survivors (2048K)
 Metaspace       used 61678K, committed 63488K, reserved 1105920K
  class space    used 7401K, committed 8064K, reserved 1048576K
}
Event: 75,541 GC heap before
{Heap before GC invocations=32 (full 0):
 garbage-first heap   total 204800K, used 119216K [0x000000070c000000, 0x0000000800000000)
  region size 2048K, 5 young (10240K), 1 survivors (2048K)
 Metaspace       used 61749K, committed 63488K, reserved 1105920K
  class space    used 7403K, committed 8064K, reserved 1048576K
}
Event: 75,542 GC heap after
{Heap after GC invocations=33 (full 0):
 garbage-first heap   total 204800K, used 110713K [0x000000070c000000, 0x0000000800000000)
  region size 2048K, 1 young (2048K), 1 survivors (2048K)
 Metaspace       used 61749K, committed 63488K, reserved 1105920K
  class space    used 7403K, committed 8064K, reserved 1048576K
}
Event: 99,365 GC heap before
{Heap before GC invocations=33 (full 0):
 garbage-first heap   total 204800K, used 151673K [0x000000070c000000, 0x0000000800000000)
  region size 2048K, 22 young (45056K), 1 survivors (2048K)
 Metaspace       used 61802K, committed 63616K, reserved 1105920K
  class space    used 7404K, committed 8064K, reserved 1048576K
}
Event: 99,366 GC heap after
{Heap after GC invocations=34 (full 0):
 garbage-first heap   total 204800K, used 110648K [0x000000070c000000, 0x0000000800000000)
  region size 2048K, 1 young (2048K), 1 survivors (2048K)
 Metaspace       used 61802K, committed 63616K, reserved 1105920K
  class space    used 7404K, committed 8064K, reserved 1048576K
}

