# JRE version: OpenJDK Runtime Environment Corretto-17.0.3.6.1 (17.0.3+6) (build 17.0.3+6-LTS)
# Java VM: OpenJDK 64-Bit Server VM Corretto-17.0.3.6.1 (17.0.3+6-LTS, mixed mode, sharing, tiered, compressed oops, compressed class ptrs, g1 gc, linux-amd64)
GC Precious Log:
 CPUs: 16 total, 16 available
 Memory: 15609M
 Large Page Support: Disabled
 NUMA Support: Disabled
 Compressed Oops: Enabled (Zero based)
 Heap Region Size: 2M
 Heap Min Capacity: 40M
 Heap Initial Capacity: 40M
 Heap Max Capacity: 3904M
 Pre-touch: Disabled
 Parallel Workers: 13
 Concurrent Workers: 3
 Concurrent Refinement Workers: 13
 Periodic GC: Disabled
Heap:
 garbage-first heap   total 329728K, used 180520K [0x000000070c000000, 0x0000000800000000)
  region size 2048K, 28 young (57344K), 1 survivors (2048K)
 Metaspace       used 84904K, committed 86976K, reserved 1130496K
  class space    used 10246K, committed 11072K, reserved 1048576K
GC Heap History (20 events):
Event: 58,293 GC heap before
{Heap before GC invocations=34 (full 0):
 garbage-first heap   total 106496K, used 78130K [0x000000070c000000, 0x0000000800000000)
  region size 2048K, 12 young (24576K), 2 survivors (4096K)
 Metaspace       used 83978K, committed 86016K, reserved 1130496K
  class space    used 10122K, committed 10944K, reserved 1048576K
}
Event: 58,295 GC heap after
{Heap after GC invocations=35 (full 0):
 garbage-first heap   total 106496K, used 59853K [0x000000070c000000, 0x0000000800000000)
  region size 2048K, 1 young (2048K), 1 survivors (2048K)
 Metaspace       used 83978K, committed 86016K, reserved 1130496K
  class space    used 10122K, committed 10944K, reserved 1048576K
}
Event: 58,415 GC heap before
{Heap before GC invocations=35 (full 0):
 garbage-first heap   total 106496K, used 84429K [0x000000070c000000, 0x0000000800000000)
  region size 2048K, 13 young (26624K), 1 survivors (2048K)
 Metaspace       used 84018K, committed 86144K, reserved 1130496K
  class space    used 10122K, committed 10944K, reserved 1048576K
}
Event: 58,419 GC heap after
{Heap after GC invocations=36 (full 0):
 garbage-first heap   total 106496K, used 67959K [0x000000070c000000, 0x0000000800000000)
  region size 2048K, 2 young (4096K), 2 survivors (4096K)
 Metaspace       used 84018K, committed 86144K, reserved 1130496K
  class space    used 10122K, committed 10944K, reserved 1048576K
}
Event: 58,464 GC heap before
{Heap before GC invocations=36 (full 0):
 garbage-first heap   total 106496K, used 80247K [0x000000070c000000, 0x0000000800000000)
  region size 2048K, 8 young (16384K), 2 survivors (4096K)
 Metaspace       used 84019K, committed 86144K, reserved 1130496K
  class space    used 10122K, committed 10944K, reserved 1048576K
}
Event: 58,468 GC heap after
{Heap after GC invocations=37 (full 0):
 garbage-first heap   total 129024K, used 75928K [0x000000070c000000, 0x0000000800000000)
  region size 2048K, 1 young (2048K), 1 survivors (2048K)
 Metaspace       used 84019K, committed 86144K, reserved 1130496K
  class space    used 10122K, committed 10944K, reserved 1048576K
}
Event: 58,540 GC heap before
{Heap before GC invocations=38 (full 0):
 garbage-first heap   total 147456K, used 92312K [0x000000070c000000, 0x0000000800000000)
  region size 2048K, 9 young (18432K), 1 survivors (2048K)
 Metaspace       used 84033K, committed 86144K, reserved 1130496K
  class space    used 10121K, committed 10944K, reserved 1048576K
}
Event: 58,546 GC heap after
{Heap after GC invocations=39 (full 0):
 garbage-first heap   total 147456K, used 82013K [0x000000070c000000, 0x0000000800000000)
  region size 2048K, 2 young (4096K), 2 survivors (4096K)
 Metaspace       used 84033K, committed 86144K, reserved 1130496K
  class space    used 10121K, committed 10944K, reserved 1048576K
}
Event: 58,551 GC heap before
{Heap before GC invocations=39 (full 0):
 garbage-first heap   total 147456K, used 84061K [0x000000070c000000, 0x0000000800000000)
  region size 2048K, 3 young (6144K), 2 survivors (4096K)
 Metaspace       used 84033K, committed 86144K, reserved 1130496K
  class space    used 10121K, committed 10944K, reserved 1048576K
}
Event: 58,553 GC heap after
{Heap after GC invocations=40 (full 0):
 garbage-first heap   total 147456K, used 82319K [0x000000070c000000, 0x0000000800000000)
  region size 2048K, 1 young (2048K), 1 survivors (2048K)
 Metaspace       used 84033K, committed 86144K, reserved 1130496K
  class space    used 10121K, committed 10944K, reserved 1048576K
}
Event: 58,603 GC heap before
{Heap before GC invocations=40 (full 0):
 garbage-first heap   total 147456K, used 102799K [0x000000070c000000, 0x0000000800000000)
  region size 2048K, 11 young (22528K), 1 survivors (2048K)
 Metaspace       used 84040K, committed 86144K, reserved 1130496K
  class space    used 10121K, committed 10944K, reserved 1048576K
}
Event: 58,605 GC heap after
{Heap after GC invocations=41 (full 0):
 garbage-first heap   total 147456K, used 92128K [0x000000070c000000, 0x0000000800000000)
  region size 2048K, 2 young (4096K), 2 survivors (4096K)
 Metaspace       used 84040K, committed 86144K, reserved 1130496K
  class space    used 10121K, committed 10944K, reserved 1048576K
}
Event: 58,628 GC heap before
{Heap before GC invocations=41 (full 0):
 garbage-first heap   total 147456K, used 106464K [0x000000070c000000, 0x0000000800000000)
  region size 2048K, 9 young (18432K), 2 survivors (4096K)
 Metaspace       used 84042K, committed 86144K, reserved 1130496K
  class space    used 10121K, committed 10944K, reserved 1048576K
}
Event: 58,630 GC heap after
{Heap after GC invocations=42 (full 0):
 garbage-first heap   total 147456K, used 97002K [0x000000070c000000, 0x0000000800000000)
  region size 2048K, 2 young (4096K), 2 survivors (4096K)
 Metaspace       used 84042K, committed 86144K, reserved 1130496K
  class space    used 10121K, committed 10944K, reserved 1048576K
}
Event: 58,655 GC heap before
{Heap before GC invocations=42 (full 0):
 garbage-first heap   total 147456K, used 109290K [0x000000070c000000, 0x0000000800000000)
  region size 2048K, 8 young (16384K), 2 survivors (4096K)
 Metaspace       used 84048K, committed 86144K, reserved 1130496K
  class space    used 10121K, committed 10944K, reserved 1048576K
}
Event: 58,657 GC heap after
{Heap after GC invocations=43 (full 0):
 garbage-first heap   total 329728K, used 103778K [0x000000070c000000, 0x0000000800000000)
  region size 2048K, 1 young (2048K), 1 survivors (2048K)
 Metaspace       used 84048K, committed 86144K, reserved 1130496K
  class space    used 10121K, committed 10944K, reserved 1048576K
}
Event: 58,814 GC heap before
{Heap before GC invocations=44 (full 0):
 garbage-first heap   total 329728K, used 179554K [0x000000070c000000, 0x0000000800000000)
  region size 2048K, 38 young (77824K), 1 survivors (2048K)
 Metaspace       used 84107K, committed 86208K, reserved 1130496K
  class space    used 10128K, committed 10944K, reserved 1048576K
}
Event: 58,832 GC heap after
{Heap after GC invocations=45 (full 0):
 garbage-first heap   total 329728K, used 126830K [0x000000070c000000, 0x0000000800000000)
  region size 2048K, 5 young (10240K), 5 survivors (10240K)
 Metaspace       used 84107K, committed 86208K, reserved 1130496K
  class space    used 10128K, committed 10944K, reserved 1048576K
}
Event: 58,840 GC heap before
{Heap before GC invocations=45 (full 0):
 garbage-first heap   total 329728K, used 132974K [0x000000070c000000, 0x0000000800000000)
  region size 2048K, 8 young (16384K), 5 survivors (10240K)
 Metaspace       used 84107K, committed 86208K, reserved 1130496K
  class space    used 10128K, committed 10944K, reserved 1048576K
}
Event: 58,846 GC heap after
{Heap after GC invocations=46 (full 0):
 garbage-first heap   total 329728K, used 127272K [0x000000070c000000, 0x0000000800000000)
  region size 2048K, 1 young (2048K), 1 survivors (2048K)
 Metaspace       used 84107K, committed 86208K, reserved 1130496K
  class space    used 10128K, committed 10944K, reserved 1048576K
}

